Original data (with adjusted standard errors for multi-arm studies):

                       treat1 treat2      TE   seTE seTE.adj narms multiarm
BNCI2014-001          CSP+LDA    MDM  0.0169 0.0315   0.0732     3        *
BNCI2014-001          CSP+LDA TS+SVM -0.0102 0.0098   0.0585     3        *
BNCI2014-001              MDM TS+SVM -0.0271 0.0248   0.0658     3        *
BNCI2014-004          CSP+LDA    MDM  0.0045 0.0032   0.0572     3        *
BNCI2014-004          CSP+LDA TS+SVM  0.0106 0.0091   0.0586     3        *
BNCI2014-004              MDM TS+SVM  0.0061 0.0070   0.0580     3        *
Cho2017               CSP+LDA    MDM  0.0332 0.0098   0.0589     3        *
Cho2017               CSP+LDA TS+SVM -0.0097 0.0103   0.0591     3        *
Cho2017                   MDM TS+SVM -0.0429 0.0080   0.0583     3        *
Lee2019-MI            CSP+LDA    MDM  0.0583 0.0295   0.0717     3        *
Lee2019-MI            CSP+LDA TS+SVM -0.0628 0.0143   0.0608     3        *
Lee2019-MI                MDM TS+SVM -0.1211 0.0245   0.0666     3        *
PhysionetMotorImagery CSP+LDA    MDM  0.1572 0.0203   0.0646     3        *
PhysionetMotorImagery CSP+LDA TS+SVM  0.0256 0.0115   0.0595     3        *
PhysionetMotorImagery     MDM TS+SVM -0.1316 0.0153   0.0612     3        *

Number of treatment arms per study:
                      narms multiarm
BNCI2014-001              3        *
BNCI2014-004              3        *
Cho2017                   3        *
Lee2019-MI                3        *
PhysionetMotorImagery     3        *

Results (random effects model):

                       treat1 treat2      MD             95% CI
BNCI2014-001          CSP+LDA    MDM  0.0507 [ 0.0132;  0.0883]
BNCI2014-001          CSP+LDA TS+SVM -0.0098 [-0.0445;  0.0248]
BNCI2014-001              MDM TS+SVM -0.0606 [-0.0967; -0.0244]
BNCI2014-004          CSP+LDA    MDM  0.0507 [ 0.0132;  0.0883]
BNCI2014-004          CSP+LDA TS+SVM -0.0098 [-0.0445;  0.0248]
BNCI2014-004              MDM TS+SVM -0.0606 [-0.0967; -0.0244]
Cho2017               CSP+LDA    MDM  0.0507 [ 0.0132;  0.0883]
Cho2017               CSP+LDA TS+SVM -0.0098 [-0.0445;  0.0248]
Cho2017                   MDM TS+SVM -0.0606 [-0.0967; -0.0244]
Lee2019-MI            CSP+LDA    MDM  0.0507 [ 0.0132;  0.0883]
Lee2019-MI            CSP+LDA TS+SVM -0.0098 [-0.0445;  0.0248]
Lee2019-MI                MDM TS+SVM -0.0606 [-0.0967; -0.0244]
PhysionetMotorImagery CSP+LDA    MDM  0.0507 [ 0.0132;  0.0883]
PhysionetMotorImagery CSP+LDA TS+SVM -0.0098 [-0.0445;  0.0248]
PhysionetMotorImagery     MDM TS+SVM -0.0606 [-0.0967; -0.0244]

Number of studies: k = 5
Number of pairwise comparisons: m = 15
Number of treatments: n = 3
Number of designs: d = 1

Random effects model

Treatment estimate (other treatments vs 'CSP+LDA'):
             MD             95% CI     z p-value
CSP+LDA       .                  .     .       .
MDM     -0.0507 [-0.0949; -0.0066] -2.65  0.0293
TS+SVM   0.0098 [-0.0310;  0.0506]  0.56  0.5936

Quantifying heterogeneity:
tau^2 = 0.0014; tau = 0.0380; I^2 = 93.4% [89.5%; 95.8%]

Test of heterogeneity:
      Q d.f.  p-value
 120.53    8 < 0.0001

Details of network meta-analysis methods:
- Frequentist graph-theoretical approach
- DerSimonian-Laird estimator for tau^2
- Random effects confidence intervals based on t-distribution (df = 8)
- Calculation of I^2 based on Q
- Studies with correlated study arms: 'BNCI2014-001', 'BNCI2014-004', 'Cho2017', 'Lee2019-MI', 'PhysionetMotorImagery'

                     CSP+LDA                  MDM               TS+SVM
CSP+LDA              CSP+LDA  0.05 ( 0.01;  0.09) -0.01 (-0.04;  0.03)
MDM      0.05 ( 0.01;  0.09)                  MDM -0.06 (-0.10; -0.02)
TS+SVM  -0.01 (-0.05;  0.03) -0.06 (-0.10; -0.02)               TS+SVM

        P-score
TS+SVM   0.8488
CSP+LDA  0.6411
MDM      0.0101
